<?xml version="1.0" encoding="UTF-8" standalone="no"?>
<testsuite failures="0" name="cucumber.runtime.formatter.JUnitFormatter" skipped="0" tests="1" time="27.238422">
<testcase classname="Login Test" name="Login to the application with valid credentials" time="27.238422">
<system-out><![CDATA[Given I add four different products to my wishlist..........................passed
When I view my wishlist table...............................................passed
Then I find total four selected items in my Wishlist........................passed
When I search for lowest price product......................................passed
And I am able to add the lowest price item to my cart.......................passed
Then I am able to verify the item in my cart................................passed
]]></system-out>
</testcase>
</testsuite>
